Using pre-set license
Built from '2022.3/staging' branch; Version is '2022.3.10f1 (ff3792e53c62) revision 16725906'; Using compiler version '192829333'; Build Type 'Release'
OS: 'Windows 11  (10.0.22631) 64bit Education' Language: 'es' Physical Memory: 16197 MB
BatchMode: 1, IsHumanControllingUs: 0, StartBugReporterOnCrash: 0, Is64bit: 1, IsPro: 1

COMMAND LINE ARGUMENTS:
C:\Program Files\Unity\Hub\Editor\2022.3.10f1\Editor\Unity.exe
-adb2
-batchMode
-noUpm
-name
AssetImportWorker0
-projectPath
C:/Users/usuario/Desktop/TDD.EditMode-master
-logFile
Logs/AssetImportWorker0.log
-srvPort
54994
Successfully changed project path to: C:/Users/usuario/Desktop/TDD.EditMode-master
C:/Users/usuario/Desktop/TDD.EditMode-master
[UnityMemory] Configuration Parameters - Can be set up in boot.config
    "memorysetup-bucket-allocator-granularity=16"
    "memorysetup-bucket-allocator-bucket-count=8"
    "memorysetup-bucket-allocator-block-size=33554432"
    "memorysetup-bucket-allocator-block-count=8"
    "memorysetup-main-allocator-block-size=16777216"
    "memorysetup-thread-allocator-block-size=16777216"
    "memorysetup-gfx-main-allocator-block-size=16777216"
    "memorysetup-gfx-thread-allocator-block-size=16777216"
    "memorysetup-cache-allocator-block-size=4194304"
    "memorysetup-typetree-allocator-block-size=2097152"
    "memorysetup-profiler-bucket-allocator-granularity=16"
    "memorysetup-profiler-bucket-allocator-bucket-count=8"
    "memorysetup-profiler-bucket-allocator-block-size=33554432"
    "memorysetup-profiler-bucket-allocator-block-count=8"
    "memorysetup-profiler-allocator-block-size=16777216"
    "memorysetup-profiler-editor-allocator-block-size=1048576"
    "memorysetup-temp-allocator-size-main=16777216"
    "memorysetup-job-temp-allocator-block-size=2097152"
    "memorysetup-job-temp-allocator-block-size-background=1048576"
    "memorysetup-job-temp-allocator-reduction-small-platforms=262144"
    "memorysetup-allocator-temp-initial-block-size-main=262144"
    "memorysetup-allocator-temp-initial-block-size-worker=262144"
    "memorysetup-temp-allocator-size-background-worker=32768"
    "memorysetup-temp-allocator-size-job-worker=262144"
    "memorysetup-temp-allocator-size-preload-manager=33554432"
    "memorysetup-temp-allocator-size-nav-mesh-worker=65536"
    "memorysetup-temp-allocator-size-audio-worker=65536"
    "memorysetup-temp-allocator-size-cloud-worker=32768"
    "memorysetup-temp-allocator-size-gi-baking-worker=262144"
    "memorysetup-temp-allocator-size-gfx=262144"
Player connection [20360] Host "[IP] 192.168.1.46 [Port] 0 [Flags] 2 [Guid] 635143293 [EditorId] 635143293 [Version] 1048832 [Id] WindowsEditor(7,Videojuegos3) [Debug] 1 [PackageName] WindowsEditor [ProjectName] Editor" joined multi-casting on [225.0.0.222:54997]...

Player connection [20360] Host "[IP] 192.168.1.46 [Port] 0 [Flags] 2 [Guid] 635143293 [EditorId] 635143293 [Version] 1048832 [Id] WindowsEditor(7,Videojuegos3) [Debug] 1 [PackageName] WindowsEditor [ProjectName] Editor" joined alternative multi-casting on [225.0.0.222:34997]...

[Physics::Module] Initialized MultithreadedJobDispatcher with 11 workers.
Refreshing native plugins compatible for Editor in 8.93 ms, found 4 plugins.
Preloading 0 native plugins for Editor in 0.00 ms.
Initialize engine version: 2022.3.10f1 (ff3792e53c62)
[Subsystems] Discovering subsystems at path C:/Program Files/Unity/Hub/Editor/2022.3.10f1/Editor/Data/Resources/UnitySubsystems
[Subsystems] Discovering subsystems at path C:/Users/usuario/Desktop/TDD.EditMode-master/Assets
GfxDevice: creating device client; threaded=0; jobified=0
Direct3D:
    Version:  Direct3D 11.0 [level 11.1]
    Renderer: NVIDIA GeForce RTX 3060 (ID=0x2487)
    Vendor:   NVIDIA
    VRAM:     12124 MB
    Driver:   31.0.15.3742
Initialize mono
Mono path[0] = 'C:/Program Files/Unity/Hub/Editor/2022.3.10f1/Editor/Data/Managed'
Mono path[1] = 'C:/Program Files/Unity/Hub/Editor/2022.3.10f1/Editor/Data/MonoBleedingEdge/lib/mono/unityjit-win32'
Mono config path = 'C:/Program Files/Unity/Hub/Editor/2022.3.10f1/Editor/Data/MonoBleedingEdge/etc'
Using monoOptions --debugger-agent=transport=dt_socket,embedding=1,server=y,suspend=n,address=127.0.0.1:56216
Begin MonoManager ReloadAssembly
Registering precompiled unity dll's ...
Register platform support module: C:/Program Files/Unity/Hub/Editor/2022.3.10f1/Editor/Data/PlaybackEngines/WebGLSupport/UnityEditor.WebGL.Extensions.dll
Register platform support module: C:/Program Files/Unity/Hub/Editor/2022.3.10f1/Editor/Data/PlaybackEngines/AndroidPlayer/UnityEditor.Android.Extensions.dll
Register platform support module: C:/Program Files/Unity/Hub/Editor/2022.3.10f1/Editor/Data/PlaybackEngines/WindowsStandaloneSupport/UnityEditor.WindowsStandalone.Extensions.dll
Registered in 0.007060 seconds.
- Loaded All Assemblies, in  0.345 seconds
Native extension for WindowsStandalone target not found
Native extension for Android target not found
Android Extension - Scanning For ADB Devices 246 ms
Native extension for WebGL target not found
Mono: successfully reloaded assembly
- Finished resetting the current domain, in  0.559 seconds
Domain Reload Profiling: 903ms
	BeginReloadAssembly (104ms)
		ExecutionOrderSort (0ms)
		DisableScriptedObjects (0ms)
		BackupInstance (0ms)
		ReleaseScriptingObjects (0ms)
		CreateAndSetChildDomain (1ms)
	RebuildCommonClasses (31ms)
	RebuildNativeTypeToScriptingClass (9ms)
	initialDomainReloadingComplete (58ms)
	LoadAllAssembliesAndSetupDomain (142ms)
		LoadAssemblies (103ms)
		RebuildTransferFunctionScriptingTraits (0ms)
		AnalyzeDomain (140ms)
			TypeCache.Refresh (138ms)
				TypeCache.ScanAssembly (122ms)
			ScanForSourceGeneratedMonoScriptInfo (1ms)
			ResolveRequiredComponents (1ms)
	FinalizeReload (560ms)
		ReleaseScriptCaches (0ms)
		RebuildScriptCaches (0ms)
		SetupLoadedEditorAssemblies (498ms)
			LogAssemblyErrors (0ms)
			InitializePlatformSupportModulesInManaged (365ms)
			SetLoadedEditorAssemblies (4ms)
			RefreshPlugins (0ms)
			BeforeProcessingInitializeOnLoad (2ms)
			ProcessInitializeOnLoadAttributes (87ms)
			ProcessInitializeOnLoadMethodAttributes (41ms)
			AfterProcessingInitializeOnLoad (0ms)
			EditorAssembliesLoaded (0ms)
		ExecutionOrderSort2 (0ms)
		AwakeInstancesAfterBackupRestoration (0ms)
========================================================================
Worker process is ready to serve import requests
Begin MonoManager ReloadAssembly
- Loaded All Assemblies, in  0.675 seconds
Refreshing native plugins compatible for Editor in 3.03 ms, found 4 plugins.
Native extension for WindowsStandalone target not found
Native extension for Android target not found
Native extension for WebGL target not found
Package Manager log level set to [2]
[Package Manager] Server::EnsureServerProcessIsRunning -- launch failed, reason: Unity was launched with the -noUpm command-line argument
[Package Manager] UpmClient::Send -- Unable to send message (not connected to UPM process).
[Package Manager] Cannot connect to Unity Package Manager local server
Mono: successfully reloaded assembly
- Finished resetting the current domain, in  0.741 seconds
Domain Reload Profiling: 1414ms
	BeginReloadAssembly (152ms)
		ExecutionOrderSort (0ms)
		DisableScriptedObjects (5ms)
		BackupInstance (0ms)
		ReleaseScriptingObjects (0ms)
		CreateAndSetChildDomain (25ms)
	RebuildCommonClasses (27ms)
	RebuildNativeTypeToScriptingClass (9ms)
	initialDomainReloadingComplete (38ms)
	LoadAllAssembliesAndSetupDomain (446ms)
		LoadAssemblies (366ms)
		RebuildTransferFunctionScriptingTraits (0ms)
		AnalyzeDomain (169ms)
			TypeCache.Refresh (140ms)
				TypeCache.ScanAssembly (122ms)
			ScanForSourceGeneratedMonoScriptInfo (24ms)
			ResolveRequiredComponents (3ms)
	FinalizeReload (742ms)
		ReleaseScriptCaches (0ms)
		RebuildScriptCaches (0ms)
		SetupLoadedEditorAssemblies (564ms)
			LogAssemblyErrors (0ms)
			InitializePlatformSupportModulesInManaged (23ms)
			SetLoadedEditorAssemblies (3ms)
			RefreshPlugins (0ms)
			BeforeProcessingInitializeOnLoad (67ms)
			ProcessInitializeOnLoadAttributes (429ms)
			ProcessInitializeOnLoadMethodAttributes (38ms)
			AfterProcessingInitializeOnLoad (4ms)
			EditorAssembliesLoaded (0ms)
		ExecutionOrderSort2 (0ms)
		AwakeInstancesAfterBackupRestoration (6ms)
Launched and connected shader compiler UnityShaderCompiler.exe after 0.05 seconds
Refreshing native plugins compatible for Editor in 4.78 ms, found 4 plugins.
Preloading 0 native plugins for Editor in 0.00 ms.
Unloading 4023 Unused Serialized files (Serialized files now loaded: 0)
Unloading 64 unused Assets / (61.1 KB). Loaded Objects now: 4487.
Memory consumption went from 142.2 MB to 142.1 MB.
Total: 5.132500 ms (FindLiveObjects: 0.436600 ms CreateObjectMapping: 0.146300 ms MarkObjects: 4.375700 ms  DeleteObjects: 0.171700 ms)

AssetImportParameters requested are different than current active one (requested -> active):
  custom:container-demuxer-ogg: 62fdf1f143b41e24485cea50d1cbac27 -> 
  custom:video-codec-MediaFoundation-h265: 746d11721c4dcdbdad8f713fa42b33f4 -> 
  custom:video-decoder-ogg-theora: a1e56fd34408186e4bbccfd4996cb3dc -> 
  custom:framework-win-MediaFoundation: 216162199b28c13a410421893ffa2e32 -> 
  custom:container-demuxer-webm: 4f35f7cbe854078d1ac9338744f61a02 -> 
  custom:container-muxer-webm: aa71ff27fc2769a1b78a27578f13a17b -> 
  custom:video-decoder-webm-vp8: 9c59270c3fd7afecdb556c50c9e8de78 -> 
  custom:AudioImporter_EditorPlatform: d09bf68614088b80899f8185d706f6e7 -> 
  custom:video-encoder-webm-vp8: eb34c28f22e8b96e1ab97ce403110664 -> 
  custom:audio-decoder-ogg-vorbis: bf7c407c2cedff20999df2af8eb42d56 -> 
  custom:audio-encoder-webm-vorbis: bf7c407c2cedff20999df2af8eb42d56 -> 
========================================================================
Received Prepare
Refreshing native plugins compatible for Editor in 3.67 ms, found 4 plugins.
Preloading 0 native plugins for Editor in 0.00 ms.
Unloading 1 Unused Serialized files (Serialized files now loaded: 0)
Unloading 1 unused Assets / (3.0 KB). Loaded Objects now: 4487.
Memory consumption went from 77.1 MB to 77.1 MB.
Total: 6.024800 ms (FindLiveObjects: 0.355500 ms CreateObjectMapping: 0.240200 ms MarkObjects: 5.378900 ms  DeleteObjects: 0.047000 ms)

Prepare: number of updated asset objects reloaded= 0
AssetImportParameters requested are different than current active one (requested -> active):
  custom:container-demuxer-ogg: 62fdf1f143b41e24485cea50d1cbac27 -> 
  custom:video-codec-MediaFoundation-h265: 746d11721c4dcdbdad8f713fa42b33f4 -> 
  custom:video-decoder-ogg-theora: a1e56fd34408186e4bbccfd4996cb3dc -> 
  custom:framework-win-MediaFoundation: 216162199b28c13a410421893ffa2e32 -> 
  custom:CustomObjectIndexerAttribute: 756ad292c208cfabdd7b50bc23989ffe -> 
  custom:container-demuxer-webm: 4f35f7cbe854078d1ac9338744f61a02 -> 
  custom:container-muxer-webm: aa71ff27fc2769a1b78a27578f13a17b -> 
  custom:video-decoder-webm-vp8: 9c59270c3fd7afecdb556c50c9e8de78 -> 
  custom:SearchIndexIgnoredProperties: e643bd26f0fe6173181afceb89e7c659 -> 
  custom:AudioImporter_EditorPlatform: d09bf68614088b80899f8185d706f6e7 -> 
  custom:video-encoder-webm-vp8: eb34c28f22e8b96e1ab97ce403110664 -> 
  custom:audio-decoder-ogg-vorbis: bf7c407c2cedff20999df2af8eb42d56 -> 
  custom:audio-encoder-webm-vorbis: bf7c407c2cedff20999df2af8eb42d56 -> 
========================================================================
Received Import Request.
  Time since last request: 7959.888017 seconds.
  path: Assets/codigo/Personaje1
  artifactKey: Guid(fa61933f2b5edd2488538604d5b40d32) Importer(815301076,1909f56bfc062723c751e8b465ee728b)
Start importing Assets/codigo/Personaje1 using Guid(fa61933f2b5edd2488538604d5b40d32) Importer(815301076,1909f56bfc062723c751e8b465ee728b)  -> (artifact id: 'b7458cc74a6a9db86146a3b487ee748b') in 0.005613 seconds
Number of updated asset objects reloaded before import = 0
Number of asset objects unloaded after import = 0
========================================================================
Received Import Request.
  Time since last request: 0.051194 seconds.
  path: Assets/codigo/Personaje1/Personaje1.asmdef
  artifactKey: Guid(813d203a501e9a74db87c59a80d682a6) Importer(815301076,1909f56bfc062723c751e8b465ee728b)
Start importing Assets/codigo/Personaje1/Personaje1.asmdef using Guid(813d203a501e9a74db87c59a80d682a6) Importer(815301076,1909f56bfc062723c751e8b465ee728b)  -> (artifact id: '6b7736e335441c7b0f4fdb6ac3af0120') in 0.000430 seconds
Number of updated asset objects reloaded before import = 0
Number of asset objects unloaded after import = 0
========================================================================
Received Import Request.
  Time since last request: 4.138897 seconds.
  path: Assets/codigo/Personaje1/Personaje1.cs
  artifactKey: Guid(55203816acfff63479f5e0ced1f12ab0) Importer(815301076,1909f56bfc062723c751e8b465ee728b)
Start importing Assets/codigo/Personaje1/Personaje1.cs using Guid(55203816acfff63479f5e0ced1f12ab0) Importer(815301076,1909f56bfc062723c751e8b465ee728b)  -> (artifact id: '905ca5762f33764f5e2dec85347c1d02') in 0.000396 seconds
Number of updated asset objects reloaded before import = 0
Number of asset objects unloaded after import = 0
========================================================================
Received Import Request.
  Time since last request: 13.402328 seconds.
  path: Assets/codigo/Personaje1 2
  artifactKey: Guid(8173032aa877481458aa1f37c3dedd96) Importer(815301076,1909f56bfc062723c751e8b465ee728b)
Start importing Assets/codigo/Personaje1 2 using Guid(8173032aa877481458aa1f37c3dedd96) Importer(815301076,1909f56bfc062723c751e8b465ee728b)  -> (artifact id: '4c0b7de6b1dc5dc8c5e422d0c3b23557') in 0.000388 seconds
Number of updated asset objects reloaded before import = 0
Number of asset objects unloaded after import = 0
========================================================================
Received Import Request.
  Time since last request: 0.065227 seconds.
  path: Assets/codigo/Personaje1 2/Personaje2.asmdef
  artifactKey: Guid(a10d7e8c2d4671b47a6aa7eb364ed789) Importer(815301076,1909f56bfc062723c751e8b465ee728b)
Start importing Assets/codigo/Personaje1 2/Personaje2.asmdef using Guid(a10d7e8c2d4671b47a6aa7eb364ed789) Importer(815301076,1909f56bfc062723c751e8b465ee728b)  -> (artifact id: '4142197c888aa06cd97bff3322d9728b') in 0.000634 seconds
Number of updated asset objects reloaded before import = 0
Number of asset objects unloaded after import = 0
========================================================================
Received Import Request.
  Time since last request: 2.524393 seconds.
  path: Assets/codigo/Personaje1 2/Personaje2.cs
  artifactKey: Guid(fd82869144be9d44aaa7c669de06a096) Importer(815301076,1909f56bfc062723c751e8b465ee728b)
Start importing Assets/codigo/Personaje1 2/Personaje2.cs using Guid(fd82869144be9d44aaa7c669de06a096) Importer(815301076,1909f56bfc062723c751e8b465ee728b)  -> (artifact id: 'da8fbe9e3081c66f0b0f1d6cf5c700e2') in 0.000389 seconds
Number of updated asset objects reloaded before import = 0
Number of asset objects unloaded after import = 0
========================================================================
Received Import Request.
  Time since last request: 261.510244 seconds.
  path: Assets/codigo/Personaje1/EditModeTests
  artifactKey: Guid(5bb70e3dece9e9e4f8db823390c763a7) Importer(815301076,1909f56bfc062723c751e8b465ee728b)
Start importing Assets/codigo/Personaje1/EditModeTests using Guid(5bb70e3dece9e9e4f8db823390c763a7) Importer(815301076,1909f56bfc062723c751e8b465ee728b)  -> (artifact id: '930845bc3bc31a0a892540bd66cee484') in 0.000828 seconds
Number of updated asset objects reloaded before import = 0
Number of asset objects unloaded after import = 0
========================================================================
Received Import Request.
  Time since last request: 0.064851 seconds.
  path: Assets/codigo/Personaje1/EditModeTests/EditModeTests1.asmdef
  artifactKey: Guid(068ef23c83e9b2942bcc894c594ccf6e) Importer(815301076,1909f56bfc062723c751e8b465ee728b)
Start importing Assets/codigo/Personaje1/EditModeTests/EditModeTests1.asmdef using Guid(068ef23c83e9b2942bcc894c594ccf6e) Importer(815301076,1909f56bfc062723c751e8b465ee728b)  -> (artifact id: 'd54af762c8cb313fd512f1a445af5009') in 0.000586 seconds
Number of updated asset objects reloaded before import = 0
Number of asset objects unloaded after import = 0
========================================================================
Received Import Request.
  Time since last request: 1.803309 seconds.
  path: Assets/codigo/Personaje1/EditModeTests/codigoED.cs
  artifactKey: Guid(13502ad2ad0bdb64fbdfee3b2edc9dbc) Importer(815301076,1909f56bfc062723c751e8b465ee728b)
Start importing Assets/codigo/Personaje1/EditModeTests/codigoED.cs using Guid(13502ad2ad0bdb64fbdfee3b2edc9dbc) Importer(815301076,1909f56bfc062723c751e8b465ee728b)  -> (artifact id: '14cbfb82136d0332bf0b3cb87a8f63d9') in 0.000461 seconds
Number of updated asset objects reloaded before import = 0
Number of asset objects unloaded after import = 0
========================================================================
Received Import Request.
  Time since last request: 83.462927 seconds.
  path: Assets/codigo/Personaje1/PlayModeTests
  artifactKey: Guid(063a0b2134319a14bb131a721d4d9c55) Importer(815301076,1909f56bfc062723c751e8b465ee728b)
Start importing Assets/codigo/Personaje1/PlayModeTests using Guid(063a0b2134319a14bb131a721d4d9c55) Importer(815301076,1909f56bfc062723c751e8b465ee728b)  -> (artifact id: '17cecf39ebdb667bcad597d730a06608') in 0.000476 seconds
Number of updated asset objects reloaded before import = 0
Number of asset objects unloaded after import = 0
========================================================================
Received Import Request.
  Time since last request: 0.081161 seconds.
  path: Assets/codigo/Personaje1/PlayModeTests/PlayModeTests1.asmdef
  artifactKey: Guid(0c3a35caf087ee94baa26f60970577a7) Importer(815301076,1909f56bfc062723c751e8b465ee728b)
Start importing Assets/codigo/Personaje1/PlayModeTests/PlayModeTests1.asmdef using Guid(0c3a35caf087ee94baa26f60970577a7) Importer(815301076,1909f56bfc062723c751e8b465ee728b)  -> (artifact id: 'fe7363773d3c7f98346debdd3bae230e') in 0.000487 seconds
Number of updated asset objects reloaded before import = 0
Number of asset objects unloaded after import = 0
========================================================================
Received Import Request.
  Time since last request: 0.877572 seconds.
  path: Assets/codigo/Personaje1/PlayModeTests/codigoPD.cs
  artifactKey: Guid(41d056273412ff54e9b9b4fb202af452) Importer(815301076,1909f56bfc062723c751e8b465ee728b)
Start importing Assets/codigo/Personaje1/PlayModeTests/codigoPD.cs using Guid(41d056273412ff54e9b9b4fb202af452) Importer(815301076,1909f56bfc062723c751e8b465ee728b)  -> (artifact id: 'b1b465f163c63024f2b4d664b6236d1f') in 0.000468 seconds
Number of updated asset objects reloaded before import = 0
Number of asset objects unloaded after import = 0
========================================================================
Received Prepare
Begin MonoManager ReloadAssembly
- Loaded All Assemblies, in  0.449 seconds
Refreshing native plugins compatible for Editor in 2.51 ms, found 4 plugins.
Native extension for WindowsStandalone target not found
Native extension for Android target not found
Native extension for WebGL target not found
[Package Manager] Server::EnsureServerProcessIsRunning -- launch failed, reason: Unity was launched with the -noUpm command-line argument
[Package Manager] UpmClient::Send -- Unable to send message (not connected to UPM process).
[Package Manager] Cannot connect to Unity Package Manager local server
Mono: successfully reloaded assembly
- Finished resetting the current domain, in  0.791 seconds
Domain Reload Profiling: 1239ms
	BeginReloadAssembly (146ms)
		ExecutionOrderSort (0ms)
		DisableScriptedObjects (11ms)
		BackupInstance (0ms)
		ReleaseScriptingObjects (0ms)
		CreateAndSetChildDomain (32ms)
	RebuildCommonClasses (31ms)
	RebuildNativeTypeToScriptingClass (8ms)
	initialDomainReloadingComplete (27ms)
	LoadAllAssembliesAndSetupDomain (236ms)
		LoadAssemblies (291ms)
		RebuildTransferFunctionScriptingTraits (0ms)
		AnalyzeDomain (20ms)
			TypeCache.Refresh (8ms)
				TypeCache.ScanAssembly (0ms)
			ScanForSourceGeneratedMonoScriptInfo (8ms)
			ResolveRequiredComponents (3ms)
	FinalizeReload (791ms)
		ReleaseScriptCaches (0ms)
		RebuildScriptCaches (0ms)
		SetupLoadedEditorAssemblies (437ms)
			LogAssemblyErrors (0ms)
			InitializePlatformSupportModulesInManaged (24ms)
			SetLoadedEditorAssemblies (4ms)
			RefreshPlugins (0ms)
			BeforeProcessingInitializeOnLoad (52ms)
			ProcessInitializeOnLoadAttributes (329ms)
			ProcessInitializeOnLoadMethodAttributes (26ms)
			AfterProcessingInitializeOnLoad (3ms)
			EditorAssembliesLoaded (0ms)
		ExecutionOrderSort2 (0ms)
		AwakeInstancesAfterBackupRestoration (10ms)
Refreshing native plugins compatible for Editor in 4.14 ms, found 4 plugins.
Preloading 0 native plugins for Editor in 0.00 ms.
Unloading 4010 Unused Serialized files (Serialized files now loaded: 0)
Unloading 36 unused Assets / (35.3 KB). Loaded Objects now: 4492.
Memory consumption went from 138.4 MB to 138.4 MB.
Total: 3.645400 ms (FindLiveObjects: 0.293400 ms CreateObjectMapping: 0.187100 ms MarkObjects: 3.116700 ms  DeleteObjects: 0.047400 ms)

Prepare: number of updated asset objects reloaded= 0
AssetImportParameters requested are different than current active one (requested -> active):
  custom:container-demuxer-ogg: 62fdf1f143b41e24485cea50d1cbac27 -> 
  custom:video-codec-MediaFoundation-h265: 746d11721c4dcdbdad8f713fa42b33f4 -> 
  custom:video-decoder-ogg-theora: a1e56fd34408186e4bbccfd4996cb3dc -> 
  custom:framework-win-MediaFoundation: 216162199b28c13a410421893ffa2e32 -> 
  custom:CustomObjectIndexerAttribute: 756ad292c208cfabdd7b50bc23989ffe -> 
  custom:container-demuxer-webm: 4f35f7cbe854078d1ac9338744f61a02 -> 
  custom:container-muxer-webm: aa71ff27fc2769a1b78a27578f13a17b -> 
  custom:video-decoder-webm-vp8: 9c59270c3fd7afecdb556c50c9e8de78 -> 
  custom:SearchIndexIgnoredProperties: e643bd26f0fe6173181afceb89e7c659 -> 
  custom:AudioImporter_EditorPlatform: d09bf68614088b80899f8185d706f6e7 -> 
  custom:video-encoder-webm-vp8: eb34c28f22e8b96e1ab97ce403110664 -> 
  custom:audio-decoder-ogg-vorbis: bf7c407c2cedff20999df2af8eb42d56 -> 
  custom:audio-encoder-webm-vorbis: bf7c407c2cedff20999df2af8eb42d56 -> 
========================================================================
Received Prepare
Begin MonoManager ReloadAssembly
- Loaded All Assemblies, in  0.390 seconds
Refreshing native plugins compatible for Editor in 4.30 ms, found 4 plugins.
Native extension for WindowsStandalone target not found
Native extension for Android target not found
Native extension for WebGL target not found
[Package Manager] Server::EnsureServerProcessIsRunning -- launch failed, reason: Unity was launched with the -noUpm command-line argument
[Package Manager] UpmClient::Send -- Unable to send message (not connected to UPM process).
[Package Manager] Cannot connect to Unity Package Manager local server
Mono: successfully reloaded assembly
- Finished resetting the current domain, in  0.691 seconds
Domain Reload Profiling: 1079ms
	BeginReloadAssembly (129ms)
		ExecutionOrderSort (0ms)
		DisableScriptedObjects (8ms)
		BackupInstance (0ms)
		ReleaseScriptingObjects (0ms)
		CreateAndSetChildDomain (30ms)
	RebuildCommonClasses (28ms)
	RebuildNativeTypeToScriptingClass (8ms)
	initialDomainReloadingComplete (21ms)
	LoadAllAssembliesAndSetupDomain (202ms)
		LoadAssemblies (238ms)
		RebuildTransferFunctionScriptingTraits (0ms)
		AnalyzeDomain (31ms)
			TypeCache.Refresh (12ms)
				TypeCache.ScanAssembly (0ms)
			ScanForSourceGeneratedMonoScriptInfo (11ms)
			ResolveRequiredComponents (6ms)
	FinalizeReload (692ms)
		ReleaseScriptCaches (0ms)
		RebuildScriptCaches (0ms)
		SetupLoadedEditorAssemblies (387ms)
			LogAssemblyErrors (0ms)
			InitializePlatformSupportModulesInManaged (17ms)
			SetLoadedEditorAssemblies (3ms)
			RefreshPlugins (0ms)
			BeforeProcessingInitializeOnLoad (46ms)
			ProcessInitializeOnLoadAttributes (293ms)
			ProcessInitializeOnLoadMethodAttributes (23ms)
			AfterProcessingInitializeOnLoad (4ms)
			EditorAssembliesLoaded (0ms)
		ExecutionOrderSort2 (0ms)
		AwakeInstancesAfterBackupRestoration (8ms)
Refreshing native plugins compatible for Editor in 2.57 ms, found 4 plugins.
Preloading 0 native plugins for Editor in 0.00 ms.
Unloading 4011 Unused Serialized files (Serialized files now loaded: 0)
Unloading 36 unused Assets / (35.2 KB). Loaded Objects now: 4496.
Memory consumption went from 138.7 MB to 138.6 MB.
Total: 3.647800 ms (FindLiveObjects: 0.265800 ms CreateObjectMapping: 0.114000 ms MarkObjects: 3.216900 ms  DeleteObjects: 0.050200 ms)

Prepare: number of updated asset objects reloaded= 0
AssetImportParameters requested are different than current active one (requested -> active):
  custom:container-demuxer-ogg: 62fdf1f143b41e24485cea50d1cbac27 -> 
  custom:video-codec-MediaFoundation-h265: 746d11721c4dcdbdad8f713fa42b33f4 -> 
  custom:video-decoder-ogg-theora: a1e56fd34408186e4bbccfd4996cb3dc -> 
  custom:framework-win-MediaFoundation: 216162199b28c13a410421893ffa2e32 -> 
  custom:CustomObjectIndexerAttribute: 756ad292c208cfabdd7b50bc23989ffe -> 
  custom:container-demuxer-webm: 4f35f7cbe854078d1ac9338744f61a02 -> 
  custom:container-muxer-webm: aa71ff27fc2769a1b78a27578f13a17b -> 
  custom:video-decoder-webm-vp8: 9c59270c3fd7afecdb556c50c9e8de78 -> 
  custom:SearchIndexIgnoredProperties: e643bd26f0fe6173181afceb89e7c659 -> 
  custom:AudioImporter_EditorPlatform: d09bf68614088b80899f8185d706f6e7 -> 
  custom:video-encoder-webm-vp8: eb34c28f22e8b96e1ab97ce403110664 -> 
  custom:audio-decoder-ogg-vorbis: bf7c407c2cedff20999df2af8eb42d56 -> 
  custom:audio-encoder-webm-vorbis: bf7c407c2cedff20999df2af8eb42d56 -> 
========================================================================
Received Import Request.
  Time since last request: 335.024736 seconds.
  path: Assets/codigo/Personaje1 2/PlayModeTests
  artifactKey: Guid(852ec2ac8bc1cb241ab09132a16389f7) Importer(815301076,1909f56bfc062723c751e8b465ee728b)
Start importing Assets/codigo/Personaje1 2/PlayModeTests using Guid(852ec2ac8bc1cb241ab09132a16389f7) Importer(815301076,1909f56bfc062723c751e8b465ee728b)  -> (artifact id: '9bc5da44df7682ebce7ece143889642b') in 0.002754 seconds
Number of updated asset objects reloaded before import = 0
Number of asset objects unloaded after import = 0
========================================================================
Received Import Request.
  Time since last request: 0.073658 seconds.
  path: Assets/codigo/Personaje1 2/PlayModeTests/PlayModeTests2.asmdef
  artifactKey: Guid(685e30cdb2b318c419accb474d9d3908) Importer(815301076,1909f56bfc062723c751e8b465ee728b)
Start importing Assets/codigo/Personaje1 2/PlayModeTests/PlayModeTests2.asmdef using Guid(685e30cdb2b318c419accb474d9d3908) Importer(815301076,1909f56bfc062723c751e8b465ee728b)  -> (artifact id: '0229bfca7f49dd65afac89f9104631c1') in 0.000523 seconds
Number of updated asset objects reloaded before import = 0
Number of asset objects unloaded after import = 0
========================================================================
Received Import Request.
  Time since last request: 0.921352 seconds.
  path: Assets/codigo/Personaje1 2/PlayModeTests/codigoPD.cs
  artifactKey: Guid(3260eace9cb290c4492e5e02d7d74386) Importer(815301076,1909f56bfc062723c751e8b465ee728b)
Start importing Assets/codigo/Personaje1 2/PlayModeTests/codigoPD.cs using Guid(3260eace9cb290c4492e5e02d7d74386) Importer(815301076,1909f56bfc062723c751e8b465ee728b)  -> (artifact id: 'de8bb36dca64ee15a2e28809c171fb13') in 0.000489 seconds
Number of updated asset objects reloaded before import = 0
Number of asset objects unloaded after import = 0
========================================================================
Received Import Request.
  Time since last request: 9.582000 seconds.
  path: Assets/codigo/Personaje1 2/EditModeTests
  artifactKey: Guid(4afd03370b3fe0448a4507b9bdf95019) Importer(815301076,1909f56bfc062723c751e8b465ee728b)
Start importing Assets/codigo/Personaje1 2/EditModeTests using Guid(4afd03370b3fe0448a4507b9bdf95019) Importer(815301076,1909f56bfc062723c751e8b465ee728b)  -> (artifact id: '5d9852714294ada9d0b3e4f834dcb419') in 0.000543 seconds
Number of updated asset objects reloaded before import = 0
Number of asset objects unloaded after import = 0
========================================================================
Received Import Request.
  Time since last request: 0.072973 seconds.
  path: Assets/codigo/Personaje1 2/EditModeTests/EditModeTests2.asmdef
  artifactKey: Guid(94dd434bb1333184aa02ac88ad6360a8) Importer(815301076,1909f56bfc062723c751e8b465ee728b)
Start importing Assets/codigo/Personaje1 2/EditModeTests/EditModeTests2.asmdef using Guid(94dd434bb1333184aa02ac88ad6360a8) Importer(815301076,1909f56bfc062723c751e8b465ee728b)  -> (artifact id: '9c8f9ff9ac9a918b4cf2dc6e5afd7186') in 0.000587 seconds
Number of updated asset objects reloaded before import = 0
Number of asset objects unloaded after import = 0
========================================================================
Received Import Request.
  Time since last request: 0.639679 seconds.
  path: Assets/codigo/Personaje1 2/EditModeTests/codigoED.cs
  artifactKey: Guid(77404c031b208da4397d240daf4f20f4) Importer(815301076,1909f56bfc062723c751e8b465ee728b)
Start importing Assets/codigo/Personaje1 2/EditModeTests/codigoED.cs using Guid(77404c031b208da4397d240daf4f20f4) Importer(815301076,1909f56bfc062723c751e8b465ee728b)  -> (artifact id: '46bcd18ee41856c9e3d1c978f6ea027d') in 0.000414 seconds
Number of updated asset objects reloaded before import = 0
Number of asset objects unloaded after import = 0
